#
# A fatal error has been detected by the Java Runtime Environment:
#
#  EXCEPTION_ACCESS_VIOLATION (0xc0000005) at pc=0x00007ffb9926f46d, pid=11668, tid=0x0000000000003174
#
# JRE version: Java(TM) SE Runtime Environment (8.0_151-b12) (build 1.8.0_151-b12)
# Java VM: Java HotSpot(TM) 64-Bit Server VM (25.151-b12 mixed mode windows-amd64 compressed oops)
# Problematic frame:
# C  [lwjgl_opengl.dll+0xf46d]
#
# Failed to write core dump. Minidumps are not enabled by default on client versions of Windows
#
# If you would like to submit a bug report, please visit:
#   http://bugreport.java.com/bugreport/crash.jsp
# The crash happened outside the Java Virtual Machine in native code.
# See problematic frame for where to report the bug.
#

---------------  T H R E A D  ---------------

Current thread (0x000000001a1d4000):  JavaThread "Thread-0" [_thread_in_native, id=12660, stack(0x000000001a9c0000,0x000000001aac0000)]

siginfo: ExceptionCode=0xc0000005, reading address 0x0000000000000f58

Registers:
RAX=0x000000006aaa1d50, RBX=0x00000000170bb580, RCX=0x0000000000000001, RDX=0x00000000225c200c
RSP=0x000000001aabe338, RBP=0x000000001aabe3c0, RSI=0x00000000225c200c, RDI=0x00000001000b6240
R8 =0x0000000000000001, R9 =0x00000000225c200c, R10=0x0000000000000000, R11=0x000000006a52b4d0
R12=0x0000000000000000, R13=0x00000000170bb580, R14=0x000000001aabe3f0, R15=0x000000001a1d4000
RIP=0x00007ffb9926f46d, EFLAGS=0x0000000000010206

Top of Stack: (sp=0x000000001aabe338)
0x000000001aabe338:   0000000002517f74 0000000016ff0453
0x000000001aabe348:   000000001aabe390 0000000016ff6160
0x000000001aabe358:   0000000000000000 0000000016ff0478
0x000000001aabe368:   0000000000000000 000000001aabe388
0x000000001aabe378:   000000001aabe3d8 000000001aabe380
0x000000001aabe388:   0000000000000000 000000001aabe3f0
0x000000001aabe398:   00000000170df390 0000000000000000
0x000000001aabe3a8:   00000000170bb580 0000000000000000
0x000000001aabe3b8:   000000001aabe3e0 000000001aabe438
0x000000001aabe3c8:   000000000250835d 00000000d61e5bb0
0x000000001aabe3d8:   00000000025119d8 00000000225c200c
0x000000001aabe3e8:   00000000d7237a20 0000000000000001
0x000000001aabe3f8:   000000001aabe3f8 00000000170bb6f4
0x000000001aabe408:   000000001aabe468 00000000170df390
0x000000001aabe418:   0000000023782d20 00000000170bb760
0x000000001aabe428:   000000001aabe3e0 000000001aabe470 

Instructions: (pc=0x00007ffb9926f46d)
0x00007ffb9926f44d:   00 41 8b c8 48 ff e0 cc cc cc cc cc cc cc cc cc
0x00007ffb9926f45d:   cc cc cc 48 8b 01 49 8b d1 41 8b c8 4c 8b 50 18
0x00007ffb9926f46d:   49 ff a2 58 0f 00 00 cc cc cc cc cc cc cc cc cc
0x00007ffb9926f47d:   cc cc cc 48 8b 01 49 8b d1 41 8b c8 4c 8b 50 18 


Register to memory mapping:

RAX=0x000000006aaa1d50 is an unknown value
RBX={method} {0x00000000170bb588} 'nglGenTextures' '(IJ)V' in 'org/lwjgl/opengl/GL11'
RCX=0x0000000000000001 is an unknown value
RDX=0x00000000225c200c is an unknown value
RSP=0x000000001aabe338 is pointing into the stack for thread: 0x000000001a1d4000
RBP=0x000000001aabe3c0 is pointing into the stack for thread: 0x000000001a1d4000
RSI=0x00000000225c200c is an unknown value
RDI=0x00000001000b6240 is pointing into metadata
R8 =0x0000000000000001 is an unknown value
R9 =0x00000000225c200c is an unknown value
R10=0x0000000000000000 is an unknown value
R11=0x000000006a52b4d0 is an unknown value
R12=0x0000000000000000 is an unknown value
R13={method} {0x00000000170bb588} 'nglGenTextures' '(IJ)V' in 'org/lwjgl/opengl/GL11'
R14=0x000000001aabe3f0 is pointing into the stack for thread: 0x000000001a1d4000
R15=0x000000001a1d4000 is a thread


Stack: [0x000000001a9c0000,0x000000001aac0000],  sp=0x000000001aabe338,  free space=1016k
Native frames: (J=compiled Java code, j=interpreted, Vv=VM code, C=native code)
C  [lwjgl_opengl.dll+0xf46d]

Java frames: (J=compiled Java code, j=interpreted, Vv=VM code)
j  org.lwjgl.opengl.GL11.nglGenTextures(IJ)V+0
j  org.lwjgl.opengl.GL11.glGenTextures()I+20
j  game.engine.Texture2D.loadTexture(Ljava/awt/image/BufferedImage;)I+100
j  game.engine.Texture2D.<init>(Ljava/lang/String;)V+11
j  game.engine.ObjLoader.parseMtl(Ljava/lang/String;)Ljava/util/ArrayList;+214
j  game.engine.ObjLoader.load(Ljava/lang/String;)Ljava/util/ArrayList;+173
j  game.entity.Unit.<clinit>()V+2
v  ~StubRoutines::call_stub
j  game.state.Game.lambda$0(Lgame/World;Lgame/net/SocketBuffer;)V+63
j  game.state.Game$$Lambda$19.apply(Lgame/net/SocketBuffer;)V+9
j  game.net.GameSocket.listen()V+100
j  game.Main.lambda$0()V+4
j  game.Main$$Lambda$1.run()V+4
j  java.lang.Thread.run()V+11
v  ~StubRoutines::call_stub

---------------  P R O C E S S  ---------------

Java Threads: ( => current thread )
  0x000000001a6c5800 JavaThread "Java2D Disposer" daemon [_thread_blocked, id=4296, stack(0x0000000023890000,0x0000000023990000)]
=>0x000000001a1d4000 JavaThread "Thread-0" [_thread_in_native, id=12660, stack(0x000000001a9c0000,0x000000001aac0000)]
  0x000000001948f000 JavaThread "Service Thread" daemon [_thread_blocked, id=6664, stack(0x0000000019fc0000,0x000000001a0c0000)]
  0x00000000193fd800 JavaThread "C1 CompilerThread3" daemon [_thread_blocked, id=8560, stack(0x0000000019ec0000,0x0000000019fc0000)]
  0x00000000193f5000 JavaThread "C2 CompilerThread2" daemon [_thread_blocked, id=4872, stack(0x0000000019dc0000,0x0000000019ec0000)]
  0x00000000193ec800 JavaThread "C2 CompilerThread1" daemon [_thread_blocked, id=2612, stack(0x0000000019cc0000,0x0000000019dc0000)]
  0x00000000193ea000 JavaThread "C2 CompilerThread0" daemon [_thread_blocked, id=1060, stack(0x0000000019bc0000,0x0000000019cc0000)]
  0x00000000193e8800 JavaThread "Attach Listener" daemon [_thread_blocked, id=10064, stack(0x0000000019ac0000,0x0000000019bc0000)]
  0x00000000193e7800 JavaThread "Signal Dispatcher" daemon [_thread_blocked, id=996, stack(0x00000000199c0000,0x0000000019ac0000)]
  0x00000000193e0800 JavaThread "Finalizer" daemon [_thread_blocked, id=14032, stack(0x00000000197c0000,0x00000000198c0000)]
  0x00000000024f9000 JavaThread "Reference Handler" daemon [_thread_blocked, id=7500, stack(0x00000000192c0000,0x00000000193c0000)]
  0x000000000221e000 JavaThread "main" [_thread_in_native, id=2404, stack(0x0000000002300000,0x0000000002400000)]

Other Threads:
  0x00000000174e9800 VMThread [stack: 0x00000000191c0000,0x00000000192c0000] [id=1900]
  0x000000001949a800 WatcherThread [stack: 0x000000001a0c0000,0x000000001a1c0000] [id=12412]

VM state:not at safepoint (normal execution)

VM Mutex/Monitor currently owned by a thread: None

Heap:
 PSYoungGen      total 38400K, used 26018K [0x00000000d5a00000, 0x00000000d8480000, 0x0000000100000000)
  eden space 33280K, 78% used [0x00000000d5a00000,0x00000000d73688f0,0x00000000d7a80000)
  from space 5120K, 0% used [0x00000000d7f80000,0x00000000d7f80000,0x00000000d8480000)
  to   space 5120K, 0% used [0x00000000d7a80000,0x00000000d7a80000,0x00000000d7f80000)
 ParOldGen       total 87552K, used 0K [0x0000000080e00000, 0x0000000086380000, 0x00000000d5a00000)
  object space 87552K, 0% used [0x0000000080e00000,0x0000000080e00000,0x0000000086380000)
 Metaspace       used 12109K, capacity 12337K, committed 12672K, reserved 1060864K
  class space    used 1052K, capacity 1138K, committed 1152K, reserved 1048576K

Card table byte_map: [0x00000000118c0000,0x0000000011cc0000] byte_map_base: 0x00000000114b9000

Marking Bits: (ParMarkBitMap*) 0x000000006ab1d850
 Begin Bits: [0x0000000012770000, 0x0000000014738000)
 End Bits:   [0x0000000014738000, 0x0000000016700000)

Polling page: 0x00000000007a0000

CodeCache: size=245760Kb used=3275Kb max_used=3287Kb free=242484Kb
 bounds [0x0000000002500000, 0x0000000002840000, 0x0000000011500000]
 total_blobs=1734 nmethods=812 adapters=835
 compilation: enabled

Compilation events (10 events):
Event: 1.139 Thread 0x00000000193fd800 nmethod 805 0x0000000002832710 code [0x0000000002832880, 0x0000000002832a08]
Event: 1.139 Thread 0x00000000193fd800  808       3       java.util.zip.InflaterInputStream::available (15 bytes)
Event: 1.139 Thread 0x00000000193fd800 nmethod 808 0x0000000002832ad0 code [0x0000000002832c40, 0x0000000002832f48]
Event: 1.139 Thread 0x00000000193fd800  809       3       com.sun.imageio.plugins.common.InputStreamAdapter::read (13 bytes)
Event: 1.139 Thread 0x00000000193fd800 nmethod 809 0x0000000002833050 code [0x00000000028331c0, 0x00000000028333e8]
Event: 1.139 Thread 0x00000000193fd800  810       3       com.sun.imageio.plugins.common.SubImageInputStream::read (46 bytes)
Event: 1.140 Thread 0x00000000193fd800 nmethod 810 0x00000000028334d0 code [0x0000000002833640, 0x0000000002833968]
Event: 1.144 Thread 0x00000000193ec800  811 %     4       com.sun.imageio.plugins.png.PNGImageReader::decodeSubFilter @ 3 (54 bytes)
Event: 1.145 Thread 0x00000000193ea000  812       4       game.engine.Texture2D::loadTexture (184 bytes)
Event: 1.146 Thread 0x00000000193ec800 nmethod 811% 0x0000000002836990 code [0x0000000002836ae0, 0x0000000002836db8]

GC Heap History (0 events):
No events

Deoptimization events (2 events):
Event: 1.024 Thread 0x000000000221e000 Uncommon trap: reason=unstable_if action=reinterpret pc=0x00000000026c36b0 method=java.lang.String.indexOf([CII[CIII)I @ 3
Event: 1.146 Thread 0x000000001a1d4000 Uncommon trap: reason=unstable_if action=reinterpret pc=0x00000000028243dc method=game.engine.Texture2D.loadTexture(Ljava/awt/image/BufferedImage;)I @ 97

Internal exceptions (10 events):
Event: 0.077 Thread 0x000000000221e000 Exception <a 'java/lang/NoSuchFieldError': method resolution failed> (0x00000000d5c62268) thrown at [C:\re\workspace\8-2-build-windows-amd64-cygwin\jdk8u151\9699\hotspot\src\share\vm\prims\methodHandles.cpp, line 1146]
Event: 0.077 Thread 0x000000000221e000 Exception <a 'java/lang/NoSuchFieldError': method resolution failed> (0x00000000d5c6f940) thrown at [C:\re\workspace\8-2-build-windows-amd64-cygwin\jdk8u151\9699\hotspot\src\share\vm\prims\methodHandles.cpp, line 1146]
Event: 0.099 Thread 0x000000000221e000 Exception <a 'java/lang/NoSuchMethodError': java.lang.Object.lambda$static$0(Ljava/lang/String;)Ljava/lang/Boolean;> (0x00000000d5e3b540) thrown at [C:\re\workspace\8-2-build-windows-amd64-cygwin\jdk8u151\9699\hotspot\src\share\vm\interpreter\linkResolver
Event: 0.117 Thread 0x000000000221e000 Exception <a 'java/security/PrivilegedActionException'> (0x00000000d5f13310) thrown at [C:\re\workspace\8-2-build-windows-amd64-cygwin\jdk8u151\9699\hotspot\src\share\vm\prims\jvm.cpp, line 1390]
Event: 0.117 Thread 0x000000000221e000 Exception <a 'java/security/PrivilegedActionException'> (0x00000000d5f13520) thrown at [C:\re\workspace\8-2-build-windows-amd64-cygwin\jdk8u151\9699\hotspot\src\share\vm\prims\jvm.cpp, line 1390]
Event: 0.117 Thread 0x000000000221e000 Exception <a 'java/security/PrivilegedActionException'> (0x00000000d5f17190) thrown at [C:\re\workspace\8-2-build-windows-amd64-cygwin\jdk8u151\9699\hotspot\src\share\vm\prims\jvm.cpp, line 1390]
Event: 0.118 Thread 0x000000000221e000 Exception <a 'java/security/PrivilegedActionException'> (0x00000000d5f173a0) thrown at [C:\re\workspace\8-2-build-windows-amd64-cygwin\jdk8u151\9699\hotspot\src\share\vm\prims\jvm.cpp, line 1390]
Event: 0.830 Thread 0x000000000221e000 Exception <a 'sun/nio/fs/WindowsException'> (0x00000000d60b6810) thrown at [C:\re\workspace\8-2-build-windows-amd64-cygwin\jdk8u151\9699\hotspot\src\share\vm\prims\jni.cpp, line 709]
Event: 0.830 Thread 0x000000000221e000 Exception <a 'sun/nio/fs/WindowsException'> (0x00000000d60b7000) thrown at [C:\re\workspace\8-2-build-windows-amd64-cygwin\jdk8u151\9699\hotspot\src\share\vm\prims\jni.cpp, line 709]
Event: 1.018 Thread 0x000000000221e000 Exception <a 'java/io/FileNotFoundException'> (0x00000000d6bd6a38) thrown at [C:\re\workspace\8-2-build-windows-amd64-cygwin\jdk8u151\9699\hotspot\src\share\vm\prims\jni.cpp, line 709]

Events (10 events):
Event: 1.097 loading class game/net/OnEvent done
Event: 1.097 loading class org/lwjgl/glfw/EventLoop$OnScreen
Event: 1.097 loading class org/lwjgl/glfw/EventLoop$OnScreen done
Event: 1.135 loading class game/entity/Unit
Event: 1.135 loading class game/entity/Unit done
Event: 1.145 Thread 0x000000001a1d4000 DEOPT PACKING pc=0x0000000002828637 sp=0x000000001aabe3e0
Event: 1.145 Thread 0x000000001a1d4000 DEOPT UNPACKING pc=0x000000000254787f sp=0x000000001aabe1a0 mode 0
Event: 1.146 Thread 0x000000001a1d4000 Uncommon trap: trap_request=0xffffff65 fr.pc=0x00000000028243dc
Event: 1.146 Thread 0x000000001a1d4000 DEOPT PACKING pc=0x00000000028243dc sp=0x000000001aabe480
Event: 1.146 Thread 0x000000001a1d4000 DEOPT UNPACKING pc=0x000000000254582a sp=0x000000001aabe430 mode 2


Dynamic libraries:
0x00007ff6338d0000 - 0x00007ff633907000 	C:\Program Files\Java\jre1.8.0_151\bin\javaw.exe
0x00007ffbb6310000 - 0x00007ffbb64eb000 	C:\WINDOWS\SYSTEM32\ntdll.dll
0x00007ffb8de70000 - 0x00007ffb8dea3000 	C:\Program Files\AVAST Software\Avast\x64\aswhooka.dll
0x00007ffbb58e0000 - 0x00007ffbb598e000 	C:\WINDOWS\System32\KERNEL32.DLL
0x00007ffbb3380000 - 0x00007ffbb35c9000 	C:\WINDOWS\System32\KERNELBASE.dll
0x00007ffbb3c10000 - 0x00007ffbb3cb1000 	C:\WINDOWS\System32\ADVAPI32.dll
0x00007ffbb38f0000 - 0x00007ffbb398d000 	C:\WINDOWS\System32\msvcrt.dll
0x00007ffbb5990000 - 0x00007ffbb59e9000 	C:\WINDOWS\System32\sechost.dll
0x00007ffbb59f0000 - 0x00007ffbb5b15000 	C:\WINDOWS\System32\RPCRT4.dll
0x00007ffbb5730000 - 0x00007ffbb587a000 	C:\WINDOWS\System32\USER32.dll
0x00007ffbb35d0000 - 0x00007ffbb35ee000 	C:\WINDOWS\System32\win32u.dll
0x00007ffbb62e0000 - 0x00007ffbb6307000 	C:\WINDOWS\System32\GDI32.dll
0x00007ffbb2940000 - 0x00007ffbb2ac7000 	C:\WINDOWS\System32\gdi32full.dll
0x00007ffbb2830000 - 0x00007ffbb28ca000 	C:\WINDOWS\System32\msvcp_win.dll
0x00007ffbb2ad0000 - 0x00007ffbb2bc6000 	C:\WINDOWS\System32\ucrtbase.dll
0x00007ffba6c50000 - 0x00007ffba6eb7000 	C:\WINDOWS\WinSxS\amd64_microsoft.windows.common-controls_6595b64144ccf1df_6.0.15063.483_none_26002d27e7c744a2\COMCTL32.dll
0x00007ffbb3f50000 - 0x00007ffbb4249000 	C:\WINDOWS\System32\combase.dll
0x00007ffbb28d0000 - 0x00007ffbb293a000 	C:\WINDOWS\System32\bcryptPrimitives.dll
0x00007ffbb3b30000 - 0x00007ffbb3b5d000 	C:\WINDOWS\System32\IMM32.DLL
0x000000006a050000 - 0x000000006a122000 	C:\Program Files\Java\jre1.8.0_151\bin\msvcr100.dll
0x000000006a300000 - 0x000000006ab9d000 	C:\Program Files\Java\jre1.8.0_151\bin\server\jvm.dll
0x00007ffbb61b0000 - 0x00007ffbb61b8000 	C:\WINDOWS\System32\PSAPI.DLL
0x00007ffb9dfe0000 - 0x00007ffb9dfe9000 	C:\WINDOWS\SYSTEM32\WSOCK32.dll
0x00007ffbb3cc0000 - 0x00007ffbb3d2c000 	C:\WINDOWS\System32\WS2_32.dll
0x00007ffbb09b0000 - 0x00007ffbb09d3000 	C:\WINDOWS\SYSTEM32\WINMM.dll
0x00007ffbadec0000 - 0x00007ffbadeca000 	C:\WINDOWS\SYSTEM32\VERSION.dll
0x00007ffbb0820000 - 0x00007ffbb084b000 	C:\WINDOWS\SYSTEM32\WINMMBASE.dll
0x00007ffbb3330000 - 0x00007ffbb3379000 	C:\WINDOWS\System32\cfgmgr32.dll
0x000000006a210000 - 0x000000006a21f000 	C:\Program Files\Java\jre1.8.0_151\bin\verify.dll
0x000000006a1e0000 - 0x000000006a209000 	C:\Program Files\Java\jre1.8.0_151\bin\java.dll
0x000000006a1c0000 - 0x000000006a1d6000 	C:\Program Files\Java\jre1.8.0_151\bin\zip.dll
0x00007ffbb4250000 - 0x00007ffbb5686000 	C:\WINDOWS\System32\SHELL32.dll
0x00007ffbb3b60000 - 0x00007ffbb3c0a000 	C:\WINDOWS\System32\shcore.dll
0x00007ffbb2bd0000 - 0x00007ffbb32c1000 	C:\WINDOWS\System32\windows.storage.dll
0x00007ffbb5880000 - 0x00007ffbb58d1000 	C:\WINDOWS\System32\shlwapi.dll
0x00007ffbb2810000 - 0x00007ffbb2821000 	C:\WINDOWS\System32\kernel.appcore.dll
0x00007ffbb2780000 - 0x00007ffbb27cc000 	C:\WINDOWS\System32\powrprof.dll
0x00007ffbb27d0000 - 0x00007ffbb27e5000 	C:\WINDOWS\System32\profapi.dll
0x000000006a1a0000 - 0x000000006a1ba000 	C:\Program Files\Java\jre1.8.0_151\bin\net.dll
0x00007ffbb2090000 - 0x00007ffbb20ec000 	C:\WINDOWS\system32\mswsock.dll
0x000000006a180000 - 0x000000006a191000 	C:\Program Files\Java\jre1.8.0_151\bin\nio.dll
0x00007ffbb0170000 - 0x00007ffbb01c8000 	C:\Users\Rafa許AppData\Local\Temp\lwjglRafal\3.1.3-SNAPSHOT\lwjgl.dll
0x00007ffbb0120000 - 0x00007ffbb016d000 	C:\Users\RAFA~1\AppData\Local\Temp\lwjglRafal\3.1.3-SNAPSHOT\glfw.dll
0x00007ffbb1080000 - 0x00007ffbb1115000 	C:\WINDOWS\system32\uxtheme.dll
0x00007ffba6270000 - 0x00007ffba62b2000 	C:\WINDOWS\SYSTEM32\dinput8.dll
0x00007ffbb01e0000 - 0x00007ffbb01ee000 	C:\WINDOWS\SYSTEM32\xinput1_4.dll
0x00007ffbb1270000 - 0x00007ffbb1298000 	C:\WINDOWS\SYSTEM32\DEVOBJ.dll
0x00007ffbafb30000 - 0x00007ffbafb5a000 	C:\WINDOWS\SYSTEM32\dwmapi.dll
0x00007ffbb5c00000 - 0x00007ffbb5d66000 	C:\WINDOWS\System32\MSCTF.dll
0x00007ffbb5b40000 - 0x00007ffbb5c00000 	C:\WINDOWS\System32\OLEAUT32.dll
0x00007ffbb1640000 - 0x00007ffbb164d000 	C:\WINDOWS\SYSTEM32\HID.DLL
0x00007ffbb5d70000 - 0x00007ffbb61ab000 	C:\WINDOWS\System32\SETUPAPI.DLL
0x00007ffbb32d0000 - 0x00007ffbb3326000 	C:\WINDOWS\System32\WINTRUST.dll
0x00007ffbb27f0000 - 0x00007ffbb2801000 	C:\WINDOWS\System32\MSASN1.dll
0x00007ffbb35f0000 - 0x00007ffbb37b9000 	C:\WINDOWS\System32\CRYPT32.dll
0x00007ffba62c0000 - 0x00007ffba63e1000 	C:\WINDOWS\SYSTEM32\opengl32.dll
0x00007ffbb01f0000 - 0x00007ffbb021c000 	C:\WINDOWS\SYSTEM32\GLU32.dll
0x0000000067be0000 - 0x0000000069e5d000 	C:\WINDOWS\SYSTEM32\nvoglv64.DLL
0x00007ffbaf360000 - 0x00007ffbaf373000 	C:\WINDOWS\SYSTEM32\WTSAPI32.dll
0x00007ffbb1990000 - 0x00007ffbb19c1000 	C:\WINDOWS\SYSTEM32\ntmarta.dll
0x00007ffba71d0000 - 0x00007ffba73ac000 	C:\WINDOWS\system32\nvspcap64.dll
0x00007ffbb3d90000 - 0x00007ffbb3ed5000 	C:\WINDOWS\System32\ole32.dll
0x00007ffbae8f0000 - 0x00007ffbae9c7000 	C:\WINDOWS\SYSTEM32\WINHTTP.dll
0x00007ffbb1dd0000 - 0x00007ffbb1e25000 	C:\WINDOWS\SYSTEM32\WINSTA.dll
0x00007ffbabd90000 - 0x00007ffbabe12000 	C:\WINDOWS\System32\TextInputFramework.dll
0x00007ffbad690000 - 0x00007ffbad962000 	C:\WINDOWS\System32\CoreUIComponents.dll
0x00007ffbafef0000 - 0x00007ffbaffd3000 	C:\WINDOWS\System32\CoreMessaging.dll
0x00007ffbae420000 - 0x00007ffbae559000 	C:\WINDOWS\SYSTEM32\wintypes.dll
0x00007ffbaf630000 - 0x00007ffbaf645000 	C:\WINDOWS\SYSTEM32\usermgrcli.dll
0x00007ffb99260000 - 0x00007ffb992bf000 	C:\Users\Rafa許AppData\Local\Temp\lwjglRafal\3.1.3-SNAPSHOT\lwjgl_opengl.dll
0x0000000069eb0000 - 0x000000006a048000 	C:\Program Files\Java\jre1.8.0_151\bin\awt.dll
0x00007ffbb0e60000 - 0x00007ffbb0ede000 	C:\WINDOWS\SYSTEM32\apphelp.dll
0x00007ffbb2230000 - 0x00007ffbb2247000 	C:\WINDOWS\SYSTEM32\CRYPTSP.dll
0x00007ffbb1c50000 - 0x00007ffbb1c84000 	C:\WINDOWS\system32\rsaenh.dll
0x00007ffbb26b0000 - 0x00007ffbb26d5000 	C:\WINDOWS\SYSTEM32\bcrypt.dll
0x00007ffbb2680000 - 0x00007ffbb26a9000 	C:\WINDOWS\SYSTEM32\USERENV.dll
0x00007ffbb2250000 - 0x00007ffbb225b000 	C:\WINDOWS\SYSTEM32\CRYPTBASE.dll
0x00007ffbb1e30000 - 0x00007ffbb1e67000 	C:\WINDOWS\SYSTEM32\IPHLPAPI.DLL
0x00007ffbb61c0000 - 0x00007ffbb61c8000 	C:\WINDOWS\System32\NSI.dll
0x00007ffbacc00000 - 0x00007ffbacc16000 	C:\WINDOWS\SYSTEM32\dhcpcsvc6.DLL
0x00007ffbacbe0000 - 0x00007ffbacbfa000 	C:\WINDOWS\SYSTEM32\dhcpcsvc.DLL
0x00007ffba1740000 - 0x00007ffba18e9000 	C:\WINDOWS\SYSTEM32\dbghelp.dll

VM Arguments:
jvm_args: -Dfile.encoding=Cp1250 
java_command: game.Main
java_class_path (initial): C:\Program Files\Java\jre1.8.0_151\lib\resources.jar;C:\Program Files\Java\jre1.8.0_151\lib\rt.jar;C:\Program Files\Java\jre1.8.0_151\lib\jsse.jar;C:\Program Files\Java\jre1.8.0_151\lib\jce.jar;C:\Program Files\Java\jre1.8.0_151\lib\charsets.jar;C:\Program Files\Java\jre1.8.0_151\lib\jfr.jar;C:\Program Files\Java\jre1.8.0_151\lib\ext\access-bridge-64.jar;C:\Program Files\Java\jre1.8.0_151\lib\ext\cldrdata.jar;C:\Program Files\Java\jre1.8.0_151\lib\ext\dnsns.jar;C:\Program Files\Java\jre1.8.0_151\lib\ext\jaccess.jar;C:\Program Files\Java\jre1.8.0_151\lib\ext\jfxrt.jar;C:\Program Files\Java\jre1.8.0_151\lib\ext\localedata.jar;C:\Program Files\Java\jre1.8.0_151\lib\ext\nashorn.jar;C:\Program Files\Java\jre1.8.0_151\lib\ext\sunec.jar;C:\Program Files\Java\jre1.8.0_151\lib\ext\sunjce_provider.jar;C:\Program Files\Java\jre1.8.0_151\lib\ext\sunmscapi.jar;C:\Program Files\Java\jre1.8.0_151\lib\ext\sunpkcs11.jar;C:\Program Files\Java\jre1.8.0_151\lib\ext\zipfs.jar;C:\Users\Rafa許workspace\2017-10-09 - Client\bin;C:\Users\Rafa許workspace\2017-10-09 - Client\libs\joml\joml-1.9.4-javadoc.jar;C:\Users\Rafa許workspace\2017-10-09 - Client\libs\joml\joml-1.9.4-sources.jar;C:\Users\Rafa許workspace\2017-10-09 - Client\libs\joml\joml-1.9.4.jar;C:\Users\Rafa許workspace\2017-10-09 - Client\libs\lwjgl\lwjgl-glfw-javadoc.jar;C:\Users\Rafa許workspace\2017-10-09 - Client\libs\lwjgl\lwjgl-glfw-natives-windows.jar;C:\Users\Rafa許workspace\2017-10-09 - Client\libs\lwjgl\lwjgl-glfw-sources.jar;C:\Users\Rafa許workspace\2017-10-09 - Client\libs\lwjgl\lwjgl-glfw.jar;C:\Users\Rafa許workspace\2017-10-09 - Client\libs\lwjgl\lwjgl-javadoc.jar;C:\Users\Rafa許workspace\2017-10-09 - Client\libs\lwjgl\lwjgl-natives-windows.jar;C:\Users\Rafa許workspace\2017-10-09 - Client\libs\lwjgl\lwjgl-opengl-javadoc.jar;C:\Users\Rafa許workspace\2017-10-09 - Client\libs\lwjgl\lwjgl-opengl-natives-windows.jar;C:\Users\Rafa許workspace\2017-10-09 - Client\libs\lwjgl\lwjgl-opengl-sources.jar;C:\
Launcher Type: SUN_STANDARD

Environment Variables:
PATH=C:/Program Files/Java/jre1.8.0_151/bin/server;C:/Program Files/Java/jre1.8.0_151/bin;C:/Program Files/Java/jre1.8.0_151/lib/amd64;C:\Program Files (x86)\Common Files\Intel\Shared Files\cpp\bin\Intel64;C:\ProgramData\Oracle\Java\javapath;C:\MinGW\bin;C:\Program Files\Java\jdk1.8.0_131\bin;C:\Program Files (x86)\NVIDIA Corporation\PhysX\Common;C:\WINDOWS\system32\config\systemprofile\.dnx\bin;C:\Program Files\Microsoft DNX\Dnvm\;C:\Program Files\Microsoft SQL Server\130\Tools\Binn\;C:\Program Files (x86)\Skype\Phone\;C:\WINDOWS\system32;C:\WINDOWS;C:\WINDOWS\System32\Wbem;C:\WINDOWS\System32\WindowsPowerShell\v1.0\;C:\Program Files\nodejs\;C:\Program Files\Git\cmd;C:\Users\Rafa許AppData\Local\Microsoft\WindowsApps;C:\Users\Rafa許AppData\Roaming\npm;C:\WINDOWS\system32;
USERNAME=Rafal
OS=Windows_NT
PROCESSOR_IDENTIFIER=Intel64 Family 6 Model 60 Stepping 3, GenuineIntel



---------------  S Y S T E M  ---------------

OS: Windows 10.0 , 64 bit Build 15063 (10.0.15063.296)

CPU:total 8 (initial active 8) (4 cores per cpu, 2 threads per core) family 6 model 60 stepping 3, cmov, cx8, fxsr, mmx, sse, sse2, sse3, ssse3, sse4.1, sse4.2, popcnt, avx, avx2, aes, clmul, erms, lzcnt, ht, tsc, tscinvbit, bmi1, bmi2

Memory: 4k page, physical 8328336k(3848212k free), swap 10818704k(3637000k free)

vm_info: Java HotSpot(TM) 64-Bit Server VM (25.151-b12) for windows-amd64 JRE (1.8.0_151-b12), built on Sep  5 2017 19:33:46 by "java_re" with MS VC++ 10.0 (VS2010)

time: Mon Oct 23 16:26:40 2017
elapsed time: 1 seconds (0d 0h 0m 1s)

